/Users/criss/Desktop/bigdata-el-nino-2026/kafka/producers/risk_simulator.py:7: DeprecationWarning: value_serializer does not implement kafka.serializer.Serializer
  from producer import send_message
Simulador hidrometeorológico iniciado. Ctrl+C para detenerlo.

[data_sources] Marea actualizada desde INOCAR: 0.91 m
✅ Enviado -> Topic: precip-gpm, Partición: 0, Offset: 3133
✅ Enviado -> Topic: mareas-inocar, Partición: 0, Offset: 3131
✅ Enviado -> Topic: nivel-embalse-celec, Partición: 0, Offset: 3131
✅ Enviado -> Topic: alertas-sngr, Partición: 0, Offset: 2965
✅ Enviado -> Topic: precip-gpm, Partición: 0, Offset: 3134
✅ Enviado -> Topic: mareas-inocar, Partición: 0, Offset: 3132
✅ Enviado -> Topic: nivel-embalse-celec, Partición: 0, Offset: 3132
✅ Enviado -> Topic: alertas-sngr, Partición: 0, Offset: 2966
✅ Enviado -> Topic: precip-gpm, Partición: 0, Offset: 3135
✅ Enviado -> Topic: mareas-inocar, Partición: 0, Offset: 3133
✅ Enviado -> Topic: nivel-embalse-celec, Partición: 0, Offset: 3133
✅ Enviado -> Topic: alertas-sngr, Partición: 0, Offset: 2967
✅ Enviado -> Topic: precip-gpm, Partición: 0, Offset: 3136
✅ Enviado -> Topic: mareas-inocar, Partición: 0, Offset: 3134
✅ Enviado -> Topic: nivel-embalse-celec, Partición: 0, Offset: 3134
Ciclo enviado: lluvia, marea=0.91 m y embalse=75.89% para 4 zonas.
✅ Enviado -> Topic: precip-gpm, Partición: 0, Offset: 3137
✅ Enviado -> Topic: mareas-inocar, Partición: 0, Offset: 3135
✅ Enviado -> Topic: nivel-embalse-celec, Partición: 0, Offset: 3135
✅ Enviado -> Topic: alertas-sngr, Partición: 0, Offset: 2968
✅ Enviado -> Topic: precip-gpm, Partición: 0, Offset: 3138
✅ Enviado -> Topic: mareas-inocar, Partición: 0, Offset: 3136
✅ Enviado -> Topic: nivel-embalse-celec, Partición: 0, Offset: 3136
✅ Enviado -> Topic: alertas-sngr, Partición: 0, Offset: 2969
✅ Enviado -> Topic: precip-gpm, Partición: 0, Offset: 3139
✅ Enviado -> Topic: mareas-inocar, Partición: 0, Offset: 3137
✅ Enviado -> Topic: nivel-embalse-celec, Partición: 0, Offset: 3137
✅ Enviado -> Topic: alertas-sngr, Partición: 0, Offset: 2970
✅ Enviado -> Topic: precip-gpm, Partición: 0, Offset: 3140
✅ Enviado -> Topic: mareas-inocar, Partición: 0, Offset: 3138
✅ Enviado -> Topic: nivel-embalse-celec, Partición: 0, Offset: 3138
Ciclo enviado: lluvia, marea=0.91 m y embalse=75.72% para 4 zonas.
✅ Enviado -> Topic: precip-gpm, Partición: 0, Offset: 3141
✅ Enviado -> Topic: mareas-inocar, Partición: 0, Offset: 3139
✅ Enviado -> Topic: nivel-embalse-celec, Partición: 0, Offset: 3139
✅ Enviado -> Topic: alertas-sngr, Partición: 0, Offset: 2971
✅ Enviado -> Topic: precip-gpm, Partición: 0, Offset: 3142
✅ Enviado -> Topic: mareas-inocar, Partición: 0, Offset: 3140
✅ Enviado -> Topic: nivel-embalse-celec, Partición: 0, Offset: 3140
✅ Enviado -> Topic: alertas-sngr, Partición: 0, Offset: 2972
✅ Enviado -> Topic: precip-gpm, Partición: 0, Offset: 3143
✅ Enviado -> Topic: mareas-inocar, Partición: 0, Offset: 3141
✅ Enviado -> Topic: nivel-embalse-celec, Partición: 0, Offset: 3141
✅ Enviado -> Topic: precip-gpm, Partición: 0, Offset: 3144
✅ Enviado -> Topic: mareas-inocar, Partición: 0, Offset: 3142
✅ Enviado -> Topic: nivel-embalse-celec, Partición: 0, Offset: 3142
✅ Enviado -> Topic: alertas-sngr, Partición: 0, Offset: 2973
Ciclo enviado: lluvia, marea=0.91 m y embalse=86.23% para 4 zonas.
✅ Enviado -> Topic: precip-gpm, Partición: 0, Offset: 3145
✅ Enviado -> Topic: mareas-inocar, Partición: 0, Offset: 3143
✅ Enviado -> Topic: nivel-embalse-celec, Partición: 0, Offset: 3143
✅ Enviado -> Topic: alertas-sngr, Partición: 0, Offset: 2974
✅ Enviado -> Topic: precip-gpm, Partición: 0, Offset: 3146
✅ Enviado -> Topic: mareas-inocar, Partición: 0, Offset: 3144
✅ Enviado -> Topic: nivel-embalse-celec, Partición: 0, Offset: 3144
✅ Enviado -> Topic: alertas-sngr, Partición: 0, Offset: 2975
✅ Enviado -> Topic: precip-gpm, Partición: 0, Offset: 3147
✅ Enviado -> Topic: mareas-inocar, Partición: 0, Offset: 3145
✅ Enviado -> Topic: nivel-embalse-celec, Partición: 0, Offset: 3145
✅ Enviado -> Topic: alertas-sngr, Partición: 0, Offset: 2976
✅ Enviado -> Topic: precip-gpm, Partición: 0, Offset: 3148
✅ Enviado -> Topic: mareas-inocar, Partición: 0, Offset: 3146
✅ Enviado -> Topic: nivel-embalse-celec, Partición: 0, Offset: 3146
Ciclo enviado: lluvia, marea=0.91 m y embalse=88.88% para 4 zonas.
✅ Enviado -> Topic: precip-gpm, Partición: 0, Offset: 3149
✅ Enviado -> Topic: mareas-inocar, Partición: 0, Offset: 3147
✅ Enviado -> Topic: nivel-embalse-celec, Partición: 0, Offset: 3147
✅ Enviado -> Topic: alertas-sngr, Partición: 0, Offset: 2977
✅ Enviado -> Topic: precip-gpm, Partición: 0, Offset: 3150
✅ Enviado -> Topic: mareas-inocar, Partición: 0, Offset: 3148
✅ Enviado -> Topic: nivel-embalse-celec, Partición: 0, Offset: 3148
✅ Enviado -> Topic: alertas-sngr, Partición: 0, Offset: 2978
✅ Enviado -> Topic: precip-gpm, Partición: 0, Offset: 3151
✅ Enviado -> Topic: mareas-inocar, Partición: 0, Offset: 3149
✅ Enviado -> Topic: nivel-embalse-celec, Partición: 0, Offset: 3149
✅ Enviado -> Topic: alertas-sngr, Partición: 0, Offset: 2979
✅ Enviado -> Topic: precip-gpm, Partición: 0, Offset: 3152
✅ Enviado -> Topic: mareas-inocar, Partición: 0, Offset: 3150
✅ Enviado -> Topic: nivel-embalse-celec, Partición: 0, Offset: 3150
✅ Enviado -> Topic: alertas-sngr, Partición: 0, Offset: 2980
Ciclo enviado: lluvia, marea=0.91 m y embalse=81.55% para 4 zonas.
✅ Enviado -> Topic: precip-gpm, Partición: 0, Offset: 3153
✅ Enviado -> Topic: mareas-inocar, Partición: 0, Offset: 3151
✅ Enviado -> Topic: nivel-embalse-celec, Partición: 0, Offset: 3151
✅ Enviado -> Topic: alertas-sngr, Partición: 0, Offset: 2981
✅ Enviado -> Topic: precip-gpm, Partición: 0, Offset: 3154
✅ Enviado -> Topic: mareas-inocar, Partición: 0, Offset: 3152
✅ Enviado -> Topic: nivel-embalse-celec, Partición: 0, Offset: 3152
✅ Enviado -> Topic: alertas-sngr, Partición: 0, Offset: 2982
✅ Enviado -> Topic: precip-gpm, Partición: 0, Offset: 3155
✅ Enviado -> Topic: mareas-inocar, Partición: 0, Offset: 3153
✅ Enviado -> Topic: nivel-embalse-celec, Partición: 0, Offset: 3153
✅ Enviado -> Topic: alertas-sngr, Partición: 0, Offset: 2983
✅ Enviado -> Topic: precip-gpm, Partición: 0, Offset: 3156
✅ Enviado -> Topic: mareas-inocar, Partición: 0, Offset: 3154
✅ Enviado -> Topic: nivel-embalse-celec, Partición: 0, Offset: 3154
✅ Enviado -> Topic: alertas-sngr, Partición: 0, Offset: 2984
Ciclo enviado: lluvia, marea=0.91 m y embalse=76.36% para 4 zonas.
✅ Enviado -> Topic: precip-gpm, Partición: 0, Offset: 3157
✅ Enviado -> Topic: mareas-inocar, Partición: 0, Offset: 3155
✅ Enviado -> Topic: nivel-embalse-celec, Partición: 0, Offset: 3155
✅ Enviado -> Topic: alertas-sngr, Partición: 0, Offset: 2985
✅ Enviado -> Topic: precip-gpm, Partición: 0, Offset: 3158
✅ Enviado -> Topic: mareas-inocar, Partición: 0, Offset: 3156
✅ Enviado -> Topic: nivel-embalse-celec, Partición: 0, Offset: 3156
✅ Enviado -> Topic: alertas-sngr, Partición: 0, Offset: 2986
✅ Enviado -> Topic: precip-gpm, Partición: 0, Offset: 3159
✅ Enviado -> Topic: mareas-inocar, Partición: 0, Offset: 3157
✅ Enviado -> Topic: nivel-embalse-celec, Partición: 0, Offset: 3157
✅ Enviado -> Topic: precip-gpm, Partición: 0, Offset: 3160
✅ Enviado -> Topic: mareas-inocar, Partición: 0, Offset: 3158
✅ Enviado -> Topic: nivel-embalse-celec, Partición: 0, Offset: 3158
Ciclo enviado: lluvia, marea=0.91 m y embalse=88.19% para 4 zonas.
✅ Enviado -> Topic: precip-gpm, Partición: 0, Offset: 3161
✅ Enviado -> Topic: mareas-inocar, Partición: 0, Offset: 3159
✅ Enviado -> Topic: nivel-embalse-celec, Partición: 0, Offset: 3159
✅ Enviado -> Topic: alertas-sngr, Partición: 0, Offset: 2987
✅ Enviado -> Topic: precip-gpm, Partición: 0, Offset: 3162
✅ Enviado -> Topic: mareas-inocar, Partición: 0, Offset: 3160
✅ Enviado -> Topic: nivel-embalse-celec, Partición: 0, Offset: 3160
✅ Enviado -> Topic: alertas-sngr, Partición: 0, Offset: 2988
✅ Enviado -> Topic: precip-gpm, Partición: 0, Offset: 3163
✅ Enviado -> Topic: mareas-inocar, Partición: 0, Offset: 3161
✅ Enviado -> Topic: nivel-embalse-celec, Partición: 0, Offset: 3161
✅ Enviado -> Topic: precip-gpm, Partición: 0, Offset: 3164
✅ Enviado -> Topic: mareas-inocar, Partición: 0, Offset: 3162
✅ Enviado -> Topic: nivel-embalse-celec, Partición: 0, Offset: 3162
✅ Enviado -> Topic: alertas-sngr, Partición: 0, Offset: 2989
Ciclo enviado: lluvia, marea=0.91 m y embalse=90.00% para 4 zonas.
✅ Enviado -> Topic: precip-gpm, Partición: 0, Offset: 3165
✅ Enviado -> Topic: mareas-inocar, Partición: 0, Offset: 3163
✅ Enviado -> Topic: nivel-embalse-celec, Partición: 0, Offset: 3163
✅ Enviado -> Topic: alertas-sngr, Partición: 0, Offset: 2990
✅ Enviado -> Topic: precip-gpm, Partición: 0, Offset: 3166
✅ Enviado -> Topic: mareas-inocar, Partición: 0, Offset: 3164
✅ Enviado -> Topic: nivel-embalse-celec, Partición: 0, Offset: 3164
✅ Enviado -> Topic: alertas-sngr, Partición: 0, Offset: 2991
✅ Enviado -> Topic: precip-gpm, Partición: 0, Offset: 3167
✅ Enviado -> Topic: mareas-inocar, Partición: 0, Offset: 3165
✅ Enviado -> Topic: nivel-embalse-celec, Partición: 0, Offset: 3165
✅ Enviado -> Topic: alertas-sngr, Partición: 0, Offset: 2992
✅ Enviado -> Topic: precip-gpm, Partición: 0, Offset: 3168
✅ Enviado -> Topic: mareas-inocar, Partición: 0, Offset: 3166
✅ Enviado -> Topic: nivel-embalse-celec, Partición: 0, Offset: 3166
✅ Enviado -> Topic: alertas-sngr, Partición: 0, Offset: 2993
Ciclo enviado: lluvia, marea=0.91 m y embalse=74.71% para 4 zonas.
✅ Enviado -> Topic: precip-gpm, Partición: 0, Offset: 3169
✅ Enviado -> Topic: mareas-inocar, Partición: 0, Offset: 3167
✅ Enviado -> Topic: nivel-embalse-celec, Partición: 0, Offset: 3167
✅ Enviado -> Topic: alertas-sngr, Partición: 0, Offset: 2994
✅ Enviado -> Topic: precip-gpm, Partición: 0, Offset: 3170
✅ Enviado -> Topic: mareas-inocar, Partición: 0, Offset: 3168
✅ Enviado -> Topic: nivel-embalse-celec, Partición: 0, Offset: 3168
✅ Enviado -> Topic: alertas-sngr, Partición: 0, Offset: 2995
✅ Enviado -> Topic: precip-gpm, Partición: 0, Offset: 3171
✅ Enviado -> Topic: mareas-inocar, Partición: 0, Offset: 3169
✅ Enviado -> Topic: nivel-embalse-celec, Partición: 0, Offset: 3169
✅ Enviado -> Topic: alertas-sngr, Partición: 0, Offset: 2996
✅ Enviado -> Topic: precip-gpm, Partición: 0, Offset: 3172
✅ Enviado -> Topic: mareas-inocar, Partición: 0, Offset: 3170
✅ Enviado -> Topic: nivel-embalse-celec, Partición: 0, Offset: 3170
Ciclo enviado: lluvia, marea=0.91 m y embalse=91.23% para 4 zonas.
✅ Enviado -> Topic: precip-gpm, Partición: 0, Offset: 3173
✅ Enviado -> Topic: mareas-inocar, Partición: 0, Offset: 3171
✅ Enviado -> Topic: nivel-embalse-celec, Partición: 0, Offset: 3171
✅ Enviado -> Topic: alertas-sngr, Partición: 0, Offset: 2997
✅ Enviado -> Topic: precip-gpm, Partición: 0, Offset: 3174
✅ Enviado -> Topic: mareas-inocar, Partición: 0, Offset: 3172
✅ Enviado -> Topic: nivel-embalse-celec, Partición: 0, Offset: 3172
✅ Enviado -> Topic: alertas-sngr, Partición: 0, Offset: 2998
✅ Enviado -> Topic: precip-gpm, Partición: 0, Offset: 3175
✅ Enviado -> Topic: mareas-inocar, Partición: 0, Offset: 3173
✅ Enviado -> Topic: nivel-embalse-celec, Partición: 0, Offset: 3173
✅ Enviado -> Topic: precip-gpm, Partición: 0, Offset: 3176
✅ Enviado -> Topic: mareas-inocar, Partición: 0, Offset: 3174
✅ Enviado -> Topic: nivel-embalse-celec, Partición: 0, Offset: 3174
✅ Enviado -> Topic: alertas-sngr, Partición: 0, Offset: 2999
Ciclo enviado: lluvia, marea=0.91 m y embalse=79.15% para 4 zonas.
✅ Enviado -> Topic: precip-gpm, Partición: 0, Offset: 3177
✅ Enviado -> Topic: mareas-inocar, Partición: 0, Offset: 3175
✅ Enviado -> Topic: nivel-embalse-celec, Partición: 0, Offset: 3175
✅ Enviado -> Topic: alertas-sngr, Partición: 0, Offset: 3000
✅ Enviado -> Topic: precip-gpm, Partición: 0, Offset: 3178
✅ Enviado -> Topic: mareas-inocar, Partición: 0, Offset: 3176
✅ Enviado -> Topic: nivel-embalse-celec, Partición: 0, Offset: 3176
✅ Enviado -> Topic: alertas-sngr, Partición: 0, Offset: 3001
✅ Enviado -> Topic: precip-gpm, Partición: 0, Offset: 3179
✅ Enviado -> Topic: mareas-inocar, Partición: 0, Offset: 3177
✅ Enviado -> Topic: nivel-embalse-celec, Partición: 0, Offset: 3177
✅ Enviado -> Topic: precip-gpm, Partición: 0, Offset: 3180
✅ Enviado -> Topic: mareas-inocar, Partición: 0, Offset: 3178
✅ Enviado -> Topic: nivel-embalse-celec, Partición: 0, Offset: 3178
✅ Enviado -> Topic: alertas-sngr, Partición: 0, Offset: 3002
Ciclo enviado: lluvia, marea=0.91 m y embalse=83.37% para 4 zonas.
✅ Enviado -> Topic: precip-gpm, Partición: 0, Offset: 3181
✅ Enviado -> Topic: mareas-inocar, Partición: 0, Offset: 3179
✅ Enviado -> Topic: nivel-embalse-celec, Partición: 0, Offset: 3179
✅ Enviado -> Topic: alertas-sngr, Partición: 0, Offset: 3003
✅ Enviado -> Topic: precip-gpm, Partición: 0, Offset: 3182
✅ Enviado -> Topic: mareas-inocar, Partición: 0, Offset: 3180
✅ Enviado -> Topic: nivel-embalse-celec, Partición: 0, Offset: 3180
✅ Enviado -> Topic: alertas-sngr, Partición: 0, Offset: 3004
✅ Enviado -> Topic: precip-gpm, Partición: 0, Offset: 3183
✅ Enviado -> Topic: mareas-inocar, Partición: 0, Offset: 3181
✅ Enviado -> Topic: nivel-embalse-celec, Partición: 0, Offset: 3181
✅ Enviado -> Topic: alertas-sngr, Partición: 0, Offset: 3005
✅ Enviado -> Topic: precip-gpm, Partición: 0, Offset: 3184
✅ Enviado -> Topic: mareas-inocar, Partición: 0, Offset: 3182
✅ Enviado -> Topic: nivel-embalse-celec, Partición: 0, Offset: 3182
✅ Enviado -> Topic: alertas-sngr, Partición: 0, Offset: 3006
Ciclo enviado: lluvia, marea=0.91 m y embalse=76.95% para 4 zonas.
✅ Enviado -> Topic: precip-gpm, Partición: 0, Offset: 3185
✅ Enviado -> Topic: mareas-inocar, Partición: 0, Offset: 3183
✅ Enviado -> Topic: nivel-embalse-celec, Partición: 0, Offset: 3183
✅ Enviado -> Topic: alertas-sngr, Partición: 0, Offset: 3007
✅ Enviado -> Topic: precip-gpm, Partición: 0, Offset: 3186
✅ Enviado -> Topic: mareas-inocar, Partición: 0, Offset: 3184
✅ Enviado -> Topic: nivel-embalse-celec, Partición: 0, Offset: 3184
✅ Enviado -> Topic: alertas-sngr, Partición: 0, Offset: 3008
✅ Enviado -> Topic: precip-gpm, Partición: 0, Offset: 3187
✅ Enviado -> Topic: mareas-inocar, Partición: 0, Offset: 3185
✅ Enviado -> Topic: nivel-embalse-celec, Partición: 0, Offset: 3185
✅ Enviado -> Topic: alertas-sngr, Partición: 0, Offset: 3009
✅ Enviado -> Topic: precip-gpm, Partición: 0, Offset: 3188
✅ Enviado -> Topic: mareas-inocar, Partición: 0, Offset: 3186
✅ Enviado -> Topic: nivel-embalse-celec, Partición: 0, Offset: 3186
✅ Enviado -> Topic: alertas-sngr, Partición: 0, Offset: 3010
Ciclo enviado: lluvia, marea=0.91 m y embalse=79.49% para 4 zonas.
✅ Enviado -> Topic: precip-gpm, Partición: 0, Offset: 3189
✅ Enviado -> Topic: mareas-inocar, Partición: 0, Offset: 3187
✅ Enviado -> Topic: nivel-embalse-celec, Partición: 0, Offset: 3187
✅ Enviado -> Topic: alertas-sngr, Partición: 0, Offset: 3011
✅ Enviado -> Topic: precip-gpm, Partición: 0, Offset: 3190
✅ Enviado -> Topic: mareas-inocar, Partición: 0, Offset: 3188
✅ Enviado -> Topic: nivel-embalse-celec, Partición: 0, Offset: 3188
✅ Enviado -> Topic: alertas-sngr, Partición: 0, Offset: 3012
✅ Enviado -> Topic: precip-gpm, Partición: 0, Offset: 3191
✅ Enviado -> Topic: mareas-inocar, Partición: 0, Offset: 3189
✅ Enviado -> Topic: nivel-embalse-celec, Partición: 0, Offset: 3189
✅ Enviado -> Topic: precip-gpm, Partición: 0, Offset: 3192
✅ Enviado -> Topic: mareas-inocar, Partición: 0, Offset: 3190
✅ Enviado -> Topic: nivel-embalse-celec, Partición: 0, Offset: 3190
✅ Enviado -> Topic: alertas-sngr, Partición: 0, Offset: 3013
Ciclo enviado: lluvia, marea=0.91 m y embalse=81.90% para 4 zonas.
✅ Enviado -> Topic: precip-gpm, Partición: 0, Offset: 3193
✅ Enviado -> Topic: mareas-inocar, Partición: 0, Offset: 3191
✅ Enviado -> Topic: nivel-embalse-celec, Partición: 0, Offset: 3191
✅ Enviado -> Topic: alertas-sngr, Partición: 0, Offset: 3014
✅ Enviado -> Topic: precip-gpm, Partición: 0, Offset: 3194
✅ Enviado -> Topic: mareas-inocar, Partición: 0, Offset: 3192
✅ Enviado -> Topic: nivel-embalse-celec, Partición: 0, Offset: 3192
✅ Enviado -> Topic: alertas-sngr, Partición: 0, Offset: 3015
✅ Enviado -> Topic: precip-gpm, Partición: 0, Offset: 3195
✅ Enviado -> Topic: mareas-inocar, Partición: 0, Offset: 3193
✅ Enviado -> Topic: nivel-embalse-celec, Partición: 0, Offset: 3193
✅ Enviado -> Topic: precip-gpm, Partición: 0, Offset: 3196
✅ Enviado -> Topic: mareas-inocar, Partición: 0, Offset: 3194
✅ Enviado -> Topic: nivel-embalse-celec, Partición: 0, Offset: 3194
✅ Enviado -> Topic: alertas-sngr, Partición: 0, Offset: 3016
Ciclo enviado: lluvia, marea=0.91 m y embalse=86.89% para 4 zonas.
✅ Enviado -> Topic: precip-gpm, Partición: 0, Offset: 3197
✅ Enviado -> Topic: mareas-inocar, Partición: 0, Offset: 3195
✅ Enviado -> Topic: nivel-embalse-celec, Partición: 0, Offset: 3195
✅ Enviado -> Topic: alertas-sngr, Partición: 0, Offset: 3017
✅ Enviado -> Topic: precip-gpm, Partición: 0, Offset: 3198
✅ Enviado -> Topic: mareas-inocar, Partición: 0, Offset: 3196
✅ Enviado -> Topic: nivel-embalse-celec, Partición: 0, Offset: 3196
✅ Enviado -> Topic: alertas-sngr, Partición: 0, Offset: 3018
✅ Enviado -> Topic: precip-gpm, Partición: 0, Offset: 3199
✅ Enviado -> Topic: mareas-inocar, Partición: 0, Offset: 3197
✅ Enviado -> Topic: nivel-embalse-celec, Partición: 0, Offset: 3197
✅ Enviado -> Topic: precip-gpm, Partición: 0, Offset: 3200
✅ Enviado -> Topic: mareas-inocar, Partición: 0, Offset: 3198
✅ Enviado -> Topic: nivel-embalse-celec, Partición: 0, Offset: 3198
✅ Enviado -> Topic: alertas-sngr, Partición: 0, Offset: 3019
Ciclo enviado: lluvia, marea=0.91 m y embalse=90.86% para 4 zonas.
✅ Enviado -> Topic: precip-gpm, Partición: 0, Offset: 3201
✅ Enviado -> Topic: mareas-inocar, Partición: 0, Offset: 3199
✅ Enviado -> Topic: nivel-embalse-celec, Partición: 0, Offset: 3199
✅ Enviado -> Topic: alertas-sngr, Partición: 0, Offset: 3020
✅ Enviado -> Topic: precip-gpm, Partición: 0, Offset: 3202
✅ Enviado -> Topic: mareas-inocar, Partición: 0, Offset: 3200
✅ Enviado -> Topic: nivel-embalse-celec, Partición: 0, Offset: 3200
✅ Enviado -> Topic: alertas-sngr, Partición: 0, Offset: 3021
✅ Enviado -> Topic: precip-gpm, Partición: 0, Offset: 3203
✅ Enviado -> Topic: mareas-inocar, Partición: 0, Offset: 3201
✅ Enviado -> Topic: nivel-embalse-celec, Partición: 0, Offset: 3201
✅ Enviado -> Topic: precip-gpm, Partición: 0, Offset: 3204
✅ Enviado -> Topic: mareas-inocar, Partición: 0, Offset: 3202
✅ Enviado -> Topic: nivel-embalse-celec, Partición: 0, Offset: 3202
✅ Enviado -> Topic: alertas-sngr, Partición: 0, Offset: 3022
Ciclo enviado: lluvia, marea=0.91 m y embalse=74.90% para 4 zonas.
✅ Enviado -> Topic: precip-gpm, Partición: 0, Offset: 3205
✅ Enviado -> Topic: mareas-inocar, Partición: 0, Offset: 3203
✅ Enviado -> Topic: nivel-embalse-celec, Partición: 0, Offset: 3203
✅ Enviado -> Topic: alertas-sngr, Partición: 0, Offset: 3023
✅ Enviado -> Topic: precip-gpm, Partición: 0, Offset: 3206
✅ Enviado -> Topic: mareas-inocar, Partición: 0, Offset: 3204
✅ Enviado -> Topic: nivel-embalse-celec, Partición: 0, Offset: 3204
✅ Enviado -> Topic: alertas-sngr, Partición: 0, Offset: 3024
✅ Enviado -> Topic: precip-gpm, Partición: 0, Offset: 3207
✅ Enviado -> Topic: mareas-inocar, Partición: 0, Offset: 3205
✅ Enviado -> Topic: nivel-embalse-celec, Partición: 0, Offset: 3205
✅ Enviado -> Topic: precip-gpm, Partición: 0, Offset: 3208
✅ Enviado -> Topic: mareas-inocar, Partición: 0, Offset: 3206
✅ Enviado -> Topic: nivel-embalse-celec, Partición: 0, Offset: 3206
✅ Enviado -> Topic: alertas-sngr, Partición: 0, Offset: 3025
Ciclo enviado: lluvia, marea=0.91 m y embalse=77.29% para 4 zonas.
✅ Enviado -> Topic: precip-gpm, Partición: 0, Offset: 3209
✅ Enviado -> Topic: mareas-inocar, Partición: 0, Offset: 3207
✅ Enviado -> Topic: nivel-embalse-celec, Partición: 0, Offset: 3207
✅ Enviado -> Topic: alertas-sngr, Partición: 0, Offset: 3026
✅ Enviado -> Topic: precip-gpm, Partición: 0, Offset: 3210
✅ Enviado -> Topic: mareas-inocar, Partición: 0, Offset: 3208
✅ Enviado -> Topic: nivel-embalse-celec, Partición: 0, Offset: 3208
✅ Enviado -> Topic: alertas-sngr, Partición: 0, Offset: 3027
✅ Enviado -> Topic: precip-gpm, Partición: 0, Offset: 3211
✅ Enviado -> Topic: mareas-inocar, Partición: 0, Offset: 3209
✅ Enviado -> Topic: nivel-embalse-celec, Partición: 0, Offset: 3209
✅ Enviado -> Topic: alertas-sngr, Partición: 0, Offset: 3028
✅ Enviado -> Topic: precip-gpm, Partición: 0, Offset: 3212
✅ Enviado -> Topic: mareas-inocar, Partición: 0, Offset: 3210
✅ Enviado -> Topic: nivel-embalse-celec, Partición: 0, Offset: 3210
Ciclo enviado: lluvia, marea=0.91 m y embalse=94.45% para 4 zonas.
✅ Enviado -> Topic: precip-gpm, Partición: 0, Offset: 3213
✅ Enviado -> Topic: mareas-inocar, Partición: 0, Offset: 3211
✅ Enviado -> Topic: nivel-embalse-celec, Partición: 0, Offset: 3211
✅ Enviado -> Topic: alertas-sngr, Partición: 0, Offset: 3029
✅ Enviado -> Topic: precip-gpm, Partición: 0, Offset: 3214
✅ Enviado -> Topic: mareas-inocar, Partición: 0, Offset: 3212
✅ Enviado -> Topic: nivel-embalse-celec, Partición: 0, Offset: 3212
✅ Enviado -> Topic: alertas-sngr, Partición: 0, Offset: 3030
✅ Enviado -> Topic: precip-gpm, Partición: 0, Offset: 3215
✅ Enviado -> Topic: mareas-inocar, Partición: 0, Offset: 3213
✅ Enviado -> Topic: nivel-embalse-celec, Partición: 0, Offset: 3213
✅ Enviado -> Topic: alertas-sngr, Partición: 0, Offset: 3031
✅ Enviado -> Topic: precip-gpm, Partición: 0, Offset: 3216
✅ Enviado -> Topic: mareas-inocar, Partición: 0, Offset: 3214
✅ Enviado -> Topic: nivel-embalse-celec, Partición: 0, Offset: 3214
Ciclo enviado: lluvia, marea=0.91 m y embalse=82.40% para 4 zonas.
✅ Enviado -> Topic: precip-gpm, Partición: 0, Offset: 3217
✅ Enviado -> Topic: mareas-inocar, Partición: 0, Offset: 3215
✅ Enviado -> Topic: nivel-embalse-celec, Partición: 0, Offset: 3215
✅ Enviado -> Topic: alertas-sngr, Partición: 0, Offset: 3032
✅ Enviado -> Topic: precip-gpm, Partición: 0, Offset: 3218
✅ Enviado -> Topic: mareas-inocar, Partición: 0, Offset: 3216
✅ Enviado -> Topic: nivel-embalse-celec, Partición: 0, Offset: 3216
✅ Enviado -> Topic: alertas-sngr, Partición: 0, Offset: 3033
✅ Enviado -> Topic: precip-gpm, Partición: 0, Offset: 3219
✅ Enviado -> Topic: mareas-inocar, Partición: 0, Offset: 3217
✅ Enviado -> Topic: nivel-embalse-celec, Partición: 0, Offset: 3217
✅ Enviado -> Topic: precip-gpm, Partición: 0, Offset: 3220
✅ Enviado -> Topic: mareas-inocar, Partición: 0, Offset: 3218
✅ Enviado -> Topic: nivel-embalse-celec, Partición: 0, Offset: 3218
✅ Enviado -> Topic: alertas-sngr, Partición: 0, Offset: 3034
Ciclo enviado: lluvia, marea=0.91 m y embalse=92.62% para 4 zonas.
✅ Enviado -> Topic: precip-gpm, Partición: 0, Offset: 3221
✅ Enviado -> Topic: mareas-inocar, Partición: 0, Offset: 3219
✅ Enviado -> Topic: nivel-embalse-celec, Partición: 0, Offset: 3219
✅ Enviado -> Topic: alertas-sngr, Partición: 0, Offset: 3035
✅ Enviado -> Topic: precip-gpm, Partición: 0, Offset: 3222
✅ Enviado -> Topic: mareas-inocar, Partición: 0, Offset: 3220
✅ Enviado -> Topic: nivel-embalse-celec, Partición: 0, Offset: 3220
✅ Enviado -> Topic: alertas-sngr, Partición: 0, Offset: 3036
✅ Enviado -> Topic: precip-gpm, Partición: 0, Offset: 3223
✅ Enviado -> Topic: mareas-inocar, Partición: 0, Offset: 3221
✅ Enviado -> Topic: nivel-embalse-celec, Partición: 0, Offset: 3221
✅ Enviado -> Topic: alertas-sngr, Partición: 0, Offset: 3037
✅ Enviado -> Topic: precip-gpm, Partición: 0, Offset: 3224
✅ Enviado -> Topic: mareas-inocar, Partición: 0, Offset: 3222
✅ Enviado -> Topic: nivel-embalse-celec, Partición: 0, Offset: 3222
✅ Enviado -> Topic: alertas-sngr, Partición: 0, Offset: 3038
Ciclo enviado: lluvia, marea=0.91 m y embalse=94.05% para 4 zonas.
✅ Enviado -> Topic: precip-gpm, Partición: 0, Offset: 3225
✅ Enviado -> Topic: mareas-inocar, Partición: 0, Offset: 3223
✅ Enviado -> Topic: nivel-embalse-celec, Partición: 0, Offset: 3223
✅ Enviado -> Topic: alertas-sngr, Partición: 0, Offset: 3039
✅ Enviado -> Topic: precip-gpm, Partición: 0, Offset: 3226
✅ Enviado -> Topic: mareas-inocar, Partición: 0, Offset: 3224
✅ Enviado -> Topic: nivel-embalse-celec, Partición: 0, Offset: 3224
✅ Enviado -> Topic: alertas-sngr, Partición: 0, Offset: 3040
✅ Enviado -> Topic: precip-gpm, Partición: 0, Offset: 3227
✅ Enviado -> Topic: mareas-inocar, Partición: 0, Offset: 3225
✅ Enviado -> Topic: nivel-embalse-celec, Partición: 0, Offset: 3225
✅ Enviado -> Topic: alertas-sngr, Partición: 0, Offset: 3041
✅ Enviado -> Topic: precip-gpm, Partición: 0, Offset: 3228
✅ Enviado -> Topic: mareas-inocar, Partición: 0, Offset: 3226
✅ Enviado -> Topic: nivel-embalse-celec, Partición: 0, Offset: 3226
Ciclo enviado: lluvia, marea=0.91 m y embalse=91.45% para 4 zonas.
✅ Enviado -> Topic: precip-gpm, Partición: 0, Offset: 3229
✅ Enviado -> Topic: mareas-inocar, Partición: 0, Offset: 3227
✅ Enviado -> Topic: nivel-embalse-celec, Partición: 0, Offset: 3227
✅ Enviado -> Topic: alertas-sngr, Partición: 0, Offset: 3042
✅ Enviado -> Topic: precip-gpm, Partición: 0, Offset: 3230
✅ Enviado -> Topic: mareas-inocar, Partición: 0, Offset: 3228
✅ Enviado -> Topic: nivel-embalse-celec, Partición: 0, Offset: 3228
✅ Enviado -> Topic: alertas-sngr, Partición: 0, Offset: 3043
✅ Enviado -> Topic: precip-gpm, Partición: 0, Offset: 3231
✅ Enviado -> Topic: mareas-inocar, Partición: 0, Offset: 3229
✅ Enviado -> Topic: nivel-embalse-celec, Partición: 0, Offset: 3229
✅ Enviado -> Topic: precip-gpm, Partición: 0, Offset: 3232
✅ Enviado -> Topic: mareas-inocar, Partición: 0, Offset: 3230
✅ Enviado -> Topic: nivel-embalse-celec, Partición: 0, Offset: 3230
Ciclo enviado: lluvia, marea=0.91 m y embalse=72.77% para 4 zonas.
✅ Enviado -> Topic: precip-gpm, Partición: 0, Offset: 3233
✅ Enviado -> Topic: mareas-inocar, Partición: 0, Offset: 3231
✅ Enviado -> Topic: nivel-embalse-celec, Partición: 0, Offset: 3231
✅ Enviado -> Topic: alertas-sngr, Partición: 0, Offset: 3044
✅ Enviado -> Topic: precip-gpm, Partición: 0, Offset: 3234
✅ Enviado -> Topic: mareas-inocar, Partición: 0, Offset: 3232
✅ Enviado -> Topic: nivel-embalse-celec, Partición: 0, Offset: 3232
✅ Enviado -> Topic: alertas-sngr, Partición: 0, Offset: 3045
✅ Enviado -> Topic: precip-gpm, Partición: 0, Offset: 3235
✅ Enviado -> Topic: mareas-inocar, Partición: 0, Offset: 3233
✅ Enviado -> Topic: nivel-embalse-celec, Partición: 0, Offset: 3233
✅ Enviado -> Topic: alertas-sngr, Partición: 0, Offset: 3046
✅ Enviado -> Topic: precip-gpm, Partición: 0, Offset: 3236
✅ Enviado -> Topic: mareas-inocar, Partición: 0, Offset: 3234
✅ Enviado -> Topic: nivel-embalse-celec, Partición: 0, Offset: 3234
✅ Enviado -> Topic: alertas-sngr, Partición: 0, Offset: 3047
Ciclo enviado: lluvia, marea=0.91 m y embalse=84.59% para 4 zonas.
✅ Enviado -> Topic: precip-gpm, Partición: 0, Offset: 3237
✅ Enviado -> Topic: mareas-inocar, Partición: 0, Offset: 3235
✅ Enviado -> Topic: nivel-embalse-celec, Partición: 0, Offset: 3235
✅ Enviado -> Topic: alertas-sngr, Partición: 0, Offset: 3048
✅ Enviado -> Topic: precip-gpm, Partición: 0, Offset: 3238
✅ Enviado -> Topic: mareas-inocar, Partición: 0, Offset: 3236
✅ Enviado -> Topic: nivel-embalse-celec, Partición: 0, Offset: 3236
✅ Enviado -> Topic: alertas-sngr, Partición: 0, Offset: 3049
✅ Enviado -> Topic: precip-gpm, Partición: 0, Offset: 3239
✅ Enviado -> Topic: mareas-inocar, Partición: 0, Offset: 3237
✅ Enviado -> Topic: nivel-embalse-celec, Partición: 0, Offset: 3237
✅ Enviado -> Topic: precip-gpm, Partición: 0, Offset: 3240
✅ Enviado -> Topic: mareas-inocar, Partición: 0, Offset: 3238
✅ Enviado -> Topic: nivel-embalse-celec, Partición: 0, Offset: 3238
✅ Enviado -> Topic: alertas-sngr, Partición: 0, Offset: 3050
Ciclo enviado: lluvia, marea=0.91 m y embalse=79.16% para 4 zonas.
✅ Enviado -> Topic: precip-gpm, Partición: 0, Offset: 3241
✅ Enviado -> Topic: mareas-inocar, Partición: 0, Offset: 3239
✅ Enviado -> Topic: nivel-embalse-celec, Partición: 0, Offset: 3239
✅ Enviado -> Topic: alertas-sngr, Partición: 0, Offset: 3051
✅ Enviado -> Topic: precip-gpm, Partición: 0, Offset: 3242
✅ Enviado -> Topic: mareas-inocar, Partición: 0, Offset: 3240
✅ Enviado -> Topic: nivel-embalse-celec, Partición: 0, Offset: 3240
✅ Enviado -> Topic: alertas-sngr, Partición: 0, Offset: 3052
✅ Enviado -> Topic: precip-gpm, Partición: 0, Offset: 3243
✅ Enviado -> Topic: mareas-inocar, Partición: 0, Offset: 3241
✅ Enviado -> Topic: nivel-embalse-celec, Partición: 0, Offset: 3241
✅ Enviado -> Topic: alertas-sngr, Partición: 0, Offset: 3053
✅ Enviado -> Topic: precip-gpm, Partición: 0, Offset: 3244
✅ Enviado -> Topic: mareas-inocar, Partición: 0, Offset: 3242
✅ Enviado -> Topic: nivel-embalse-celec, Partición: 0, Offset: 3242
✅ Enviado -> Topic: alertas-sngr, Partición: 0, Offset: 3054
Ciclo enviado: lluvia, marea=0.91 m y embalse=84.26% para 4 zonas.
✅ Enviado -> Topic: precip-gpm, Partición: 0, Offset: 3245
✅ Enviado -> Topic: mareas-inocar, Partición: 0, Offset: 3243
✅ Enviado -> Topic: nivel-embalse-celec, Partición: 0, Offset: 3243
✅ Enviado -> Topic: alertas-sngr, Partición: 0, Offset: 3055
✅ Enviado -> Topic: precip-gpm, Partición: 0, Offset: 3246
✅ Enviado -> Topic: mareas-inocar, Partición: 0, Offset: 3244
✅ Enviado -> Topic: nivel-embalse-celec, Partición: 0, Offset: 3244
✅ Enviado -> Topic: alertas-sngr, Partición: 0, Offset: 3056
✅ Enviado -> Topic: precip-gpm, Partición: 0, Offset: 3247
✅ Enviado -> Topic: mareas-inocar, Partición: 0, Offset: 3245
✅ Enviado -> Topic: nivel-embalse-celec, Partición: 0, Offset: 3245
✅ Enviado -> Topic: alertas-sngr, Partición: 0, Offset: 3057
✅ Enviado -> Topic: precip-gpm, Partición: 0, Offset: 3248
✅ Enviado -> Topic: mareas-inocar, Partición: 0, Offset: 3246
✅ Enviado -> Topic: nivel-embalse-celec, Partición: 0, Offset: 3246
✅ Enviado -> Topic: alertas-sngr, Partición: 0, Offset: 3058
Ciclo enviado: lluvia, marea=0.91 m y embalse=75.47% para 4 zonas.
✅ Enviado -> Topic: precip-gpm, Partición: 0, Offset: 3249
✅ Enviado -> Topic: mareas-inocar, Partición: 0, Offset: 3247
✅ Enviado -> Topic: nivel-embalse-celec, Partición: 0, Offset: 3247
✅ Enviado -> Topic: alertas-sngr, Partición: 0, Offset: 3059
✅ Enviado -> Topic: precip-gpm, Partición: 0, Offset: 3250
✅ Enviado -> Topic: mareas-inocar, Partición: 0, Offset: 3248
✅ Enviado -> Topic: nivel-embalse-celec, Partición: 0, Offset: 3248
✅ Enviado -> Topic: alertas-sngr, Partición: 0, Offset: 3060
✅ Enviado -> Topic: precip-gpm, Partición: 0, Offset: 3251
✅ Enviado -> Topic: mareas-inocar, Partición: 0, Offset: 3249
✅ Enviado -> Topic: nivel-embalse-celec, Partición: 0, Offset: 3249
✅ Enviado -> Topic: alertas-sngr, Partición: 0, Offset: 3061
✅ Enviado -> Topic: precip-gpm, Partición: 0, Offset: 3252
✅ Enviado -> Topic: mareas-inocar, Partición: 0, Offset: 3250
✅ Enviado -> Topic: nivel-embalse-celec, Partición: 0, Offset: 3250
Ciclo enviado: lluvia, marea=0.91 m y embalse=84.24% para 4 zonas.
✅ Enviado -> Topic: precip-gpm, Partición: 0, Offset: 3253
✅ Enviado -> Topic: mareas-inocar, Partición: 0, Offset: 3251
✅ Enviado -> Topic: nivel-embalse-celec, Partición: 0, Offset: 3251
✅ Enviado -> Topic: alertas-sngr, Partición: 0, Offset: 3062
✅ Enviado -> Topic: precip-gpm, Partición: 0, Offset: 3254
✅ Enviado -> Topic: mareas-inocar, Partición: 0, Offset: 3252
✅ Enviado -> Topic: nivel-embalse-celec, Partición: 0, Offset: 3252
✅ Enviado -> Topic: alertas-sngr, Partición: 0, Offset: 3063
✅ Enviado -> Topic: precip-gpm, Partición: 0, Offset: 3255
✅ Enviado -> Topic: mareas-inocar, Partición: 0, Offset: 3253
✅ Enviado -> Topic: nivel-embalse-celec, Partición: 0, Offset: 3253
✅ Enviado -> Topic: alertas-sngr, Partición: 0, Offset: 3064
✅ Enviado -> Topic: precip-gpm, Partición: 0, Offset: 3256
✅ Enviado -> Topic: mareas-inocar, Partición: 0, Offset: 3254
✅ Enviado -> Topic: nivel-embalse-celec, Partición: 0, Offset: 3254
✅ Enviado -> Topic: alertas-sngr, Partición: 0, Offset: 3065
Ciclo enviado: lluvia, marea=0.91 m y embalse=82.44% para 4 zonas.
✅ Enviado -> Topic: precip-gpm, Partición: 0, Offset: 3257
✅ Enviado -> Topic: mareas-inocar, Partición: 0, Offset: 3255
✅ Enviado -> Topic: nivel-embalse-celec, Partición: 0, Offset: 3255
✅ Enviado -> Topic: alertas-sngr, Partición: 0, Offset: 3066
✅ Enviado -> Topic: precip-gpm, Partición: 0, Offset: 3258
✅ Enviado -> Topic: mareas-inocar, Partición: 0, Offset: 3256
✅ Enviado -> Topic: nivel-embalse-celec, Partición: 0, Offset: 3256
✅ Enviado -> Topic: alertas-sngr, Partición: 0, Offset: 3067
✅ Enviado -> Topic: precip-gpm, Partición: 0, Offset: 3259
✅ Enviado -> Topic: mareas-inocar, Partición: 0, Offset: 3257
✅ Enviado -> Topic: nivel-embalse-celec, Partición: 0, Offset: 3257
✅ Enviado -> Topic: alertas-sngr, Partición: 0, Offset: 3068
✅ Enviado -> Topic: precip-gpm, Partición: 0, Offset: 3260
✅ Enviado -> Topic: mareas-inocar, Partición: 0, Offset: 3258
✅ Enviado -> Topic: nivel-embalse-celec, Partición: 0, Offset: 3258
Ciclo enviado: lluvia, marea=0.91 m y embalse=84.93% para 4 zonas.
✅ Enviado -> Topic: precip-gpm, Partición: 0, Offset: 3261
✅ Enviado -> Topic: mareas-inocar, Partición: 0, Offset: 3259
✅ Enviado -> Topic: nivel-embalse-celec, Partición: 0, Offset: 3259
✅ Enviado -> Topic: alertas-sngr, Partición: 0, Offset: 3069
✅ Enviado -> Topic: precip-gpm, Partición: 0, Offset: 3262
✅ Enviado -> Topic: mareas-inocar, Partición: 0, Offset: 3260
✅ Enviado -> Topic: nivel-embalse-celec, Partición: 0, Offset: 3260
✅ Enviado -> Topic: alertas-sngr, Partición: 0, Offset: 3070
✅ Enviado -> Topic: precip-gpm, Partición: 0, Offset: 3263
✅ Enviado -> Topic: mareas-inocar, Partición: 0, Offset: 3261
✅ Enviado -> Topic: nivel-embalse-celec, Partición: 0, Offset: 3261
✅ Enviado -> Topic: precip-gpm, Partición: 0, Offset: 3264
✅ Enviado -> Topic: mareas-inocar, Partición: 0, Offset: 3262
✅ Enviado -> Topic: nivel-embalse-celec, Partición: 0, Offset: 3262
Ciclo enviado: lluvia, marea=0.91 m y embalse=78.59% para 4 zonas.
✅ Enviado -> Topic: precip-gpm, Partición: 0, Offset: 3265
✅ Enviado -> Topic: mareas-inocar, Partición: 0, Offset: 3263
✅ Enviado -> Topic: nivel-embalse-celec, Partición: 0, Offset: 3263
✅ Enviado -> Topic: alertas-sngr, Partición: 0, Offset: 3071
✅ Enviado -> Topic: precip-gpm, Partición: 0, Offset: 3266
✅ Enviado -> Topic: mareas-inocar, Partición: 0, Offset: 3264
✅ Enviado -> Topic: nivel-embalse-celec, Partición: 0, Offset: 3264
✅ Enviado -> Topic: alertas-sngr, Partición: 0, Offset: 3072
✅ Enviado -> Topic: precip-gpm, Partición: 0, Offset: 3267
✅ Enviado -> Topic: mareas-inocar, Partición: 0, Offset: 3265
✅ Enviado -> Topic: nivel-embalse-celec, Partición: 0, Offset: 3265
✅ Enviado -> Topic: precip-gpm, Partición: 0, Offset: 3268
✅ Enviado -> Topic: mareas-inocar, Partición: 0, Offset: 3266
✅ Enviado -> Topic: nivel-embalse-celec, Partición: 0, Offset: 3266
✅ Enviado -> Topic: alertas-sngr, Partición: 0, Offset: 3073
Ciclo enviado: lluvia, marea=0.91 m y embalse=90.56% para 4 zonas.
✅ Enviado -> Topic: precip-gpm, Partición: 0, Offset: 3269
✅ Enviado -> Topic: mareas-inocar, Partición: 0, Offset: 3267
✅ Enviado -> Topic: nivel-embalse-celec, Partición: 0, Offset: 3267
✅ Enviado -> Topic: alertas-sngr, Partición: 0, Offset: 3074
✅ Enviado -> Topic: precip-gpm, Partición: 0, Offset: 3270
✅ Enviado -> Topic: mareas-inocar, Partición: 0, Offset: 3268
✅ Enviado -> Topic: nivel-embalse-celec, Partición: 0, Offset: 3268
✅ Enviado -> Topic: alertas-sngr, Partición: 0, Offset: 3075
✅ Enviado -> Topic: precip-gpm, Partición: 0, Offset: 3271
✅ Enviado -> Topic: mareas-inocar, Partición: 0, Offset: 3269
✅ Enviado -> Topic: nivel-embalse-celec, Partición: 0, Offset: 3269
✅ Enviado -> Topic: alertas-sngr, Partición: 0, Offset: 3076
✅ Enviado -> Topic: precip-gpm, Partición: 0, Offset: 3272
✅ Enviado -> Topic: mareas-inocar, Partición: 0, Offset: 3270
✅ Enviado -> Topic: nivel-embalse-celec, Partición: 0, Offset: 3270
✅ Enviado -> Topic: alertas-sngr, Partición: 0, Offset: 3077
Ciclo enviado: lluvia, marea=0.91 m y embalse=84.11% para 4 zonas.
✅ Enviado -> Topic: precip-gpm, Partición: 0, Offset: 3273
✅ Enviado -> Topic: mareas-inocar, Partición: 0, Offset: 3271
✅ Enviado -> Topic: nivel-embalse-celec, Partición: 0, Offset: 3271
✅ Enviado -> Topic: alertas-sngr, Partición: 0, Offset: 3078
✅ Enviado -> Topic: precip-gpm, Partición: 0, Offset: 3274
✅ Enviado -> Topic: mareas-inocar, Partición: 0, Offset: 3272
✅ Enviado -> Topic: nivel-embalse-celec, Partición: 0, Offset: 3272
✅ Enviado -> Topic: alertas-sngr, Partición: 0, Offset: 3079
✅ Enviado -> Topic: precip-gpm, Partición: 0, Offset: 3275
✅ Enviado -> Topic: mareas-inocar, Partición: 0, Offset: 3273
✅ Enviado -> Topic: nivel-embalse-celec, Partición: 0, Offset: 3273
✅ Enviado -> Topic: alertas-sngr, Partición: 0, Offset: 3080
✅ Enviado -> Topic: precip-gpm, Partición: 0, Offset: 3276
✅ Enviado -> Topic: mareas-inocar, Partición: 0, Offset: 3274
✅ Enviado -> Topic: nivel-embalse-celec, Partición: 0, Offset: 3274
✅ Enviado -> Topic: alertas-sngr, Partición: 0, Offset: 3081
Ciclo enviado: lluvia, marea=0.91 m y embalse=77.96% para 4 zonas.
✅ Enviado -> Topic: precip-gpm, Partición: 0, Offset: 3277
✅ Enviado -> Topic: mareas-inocar, Partición: 0, Offset: 3275
✅ Enviado -> Topic: nivel-embalse-celec, Partición: 0, Offset: 3275
✅ Enviado -> Topic: alertas-sngr, Partición: 0, Offset: 3082
✅ Enviado -> Topic: precip-gpm, Partición: 0, Offset: 3278
✅ Enviado -> Topic: mareas-inocar, Partición: 0, Offset: 3276
✅ Enviado -> Topic: nivel-embalse-celec, Partición: 0, Offset: 3276
✅ Enviado -> Topic: alertas-sngr, Partición: 0, Offset: 3083
✅ Enviado -> Topic: precip-gpm, Partición: 0, Offset: 3279
✅ Enviado -> Topic: mareas-inocar, Partición: 0, Offset: 3277
✅ Enviado -> Topic: nivel-embalse-celec, Partición: 0, Offset: 3277
✅ Enviado -> Topic: alertas-sngr, Partición: 0, Offset: 3084
✅ Enviado -> Topic: precip-gpm, Partición: 0, Offset: 3280
✅ Enviado -> Topic: mareas-inocar, Partición: 0, Offset: 3278
✅ Enviado -> Topic: nivel-embalse-celec, Partición: 0, Offset: 3278
Ciclo enviado: lluvia, marea=0.91 m y embalse=89.18% para 4 zonas.
✅ Enviado -> Topic: precip-gpm, Partición: 0, Offset: 3281
✅ Enviado -> Topic: mareas-inocar, Partición: 0, Offset: 3279
✅ Enviado -> Topic: nivel-embalse-celec, Partición: 0, Offset: 3279
✅ Enviado -> Topic: alertas-sngr, Partición: 0, Offset: 3085
✅ Enviado -> Topic: precip-gpm, Partición: 0, Offset: 3282
✅ Enviado -> Topic: mareas-inocar, Partición: 0, Offset: 3280
✅ Enviado -> Topic: nivel-embalse-celec, Partición: 0, Offset: 3280
✅ Enviado -> Topic: alertas-sngr, Partición: 0, Offset: 3086
✅ Enviado -> Topic: precip-gpm, Partición: 0, Offset: 3283
✅ Enviado -> Topic: mareas-inocar, Partición: 0, Offset: 3281
✅ Enviado -> Topic: nivel-embalse-celec, Partición: 0, Offset: 3281
✅ Enviado -> Topic: precip-gpm, Partición: 0, Offset: 3284
✅ Enviado -> Topic: mareas-inocar, Partición: 0, Offset: 3282
✅ Enviado -> Topic: nivel-embalse-celec, Partición: 0, Offset: 3282
✅ Enviado -> Topic: alertas-sngr, Partición: 0, Offset: 3087
Ciclo enviado: lluvia, marea=0.91 m y embalse=81.50% para 4 zonas.
✅ Enviado -> Topic: precip-gpm, Partición: 0, Offset: 3285
✅ Enviado -> Topic: mareas-inocar, Partición: 0, Offset: 3283
✅ Enviado -> Topic: nivel-embalse-celec, Partición: 0, Offset: 3283
✅ Enviado -> Topic: alertas-sngr, Partición: 0, Offset: 3088
✅ Enviado -> Topic: precip-gpm, Partición: 0, Offset: 3286
✅ Enviado -> Topic: mareas-inocar, Partición: 0, Offset: 3284
✅ Enviado -> Topic: nivel-embalse-celec, Partición: 0, Offset: 3284
✅ Enviado -> Topic: alertas-sngr, Partición: 0, Offset: 3089
✅ Enviado -> Topic: precip-gpm, Partición: 0, Offset: 3287
✅ Enviado -> Topic: mareas-inocar, Partición: 0, Offset: 3285
✅ Enviado -> Topic: nivel-embalse-celec, Partición: 0, Offset: 3285
✅ Enviado -> Topic: alertas-sngr, Partición: 0, Offset: 3090
✅ Enviado -> Topic: precip-gpm, Partición: 0, Offset: 3288
✅ Enviado -> Topic: mareas-inocar, Partición: 0, Offset: 3286
✅ Enviado -> Topic: nivel-embalse-celec, Partición: 0, Offset: 3286
✅ Enviado -> Topic: alertas-sngr, Partición: 0, Offset: 3091
Ciclo enviado: lluvia, marea=0.91 m y embalse=83.12% para 4 zonas.
✅ Enviado -> Topic: precip-gpm, Partición: 0, Offset: 3289
✅ Enviado -> Topic: mareas-inocar, Partición: 0, Offset: 3287
✅ Enviado -> Topic: nivel-embalse-celec, Partición: 0, Offset: 3287
✅ Enviado -> Topic: alertas-sngr, Partición: 0, Offset: 3092
✅ Enviado -> Topic: precip-gpm, Partición: 0, Offset: 3290
✅ Enviado -> Topic: mareas-inocar, Partición: 0, Offset: 3288
✅ Enviado -> Topic: nivel-embalse-celec, Partición: 0, Offset: 3288
✅ Enviado -> Topic: alertas-sngr, Partición: 0, Offset: 3093
✅ Enviado -> Topic: precip-gpm, Partición: 0, Offset: 3291
✅ Enviado -> Topic: mareas-inocar, Partición: 0, Offset: 3289
✅ Enviado -> Topic: nivel-embalse-celec, Partición: 0, Offset: 3289
✅ Enviado -> Topic: precip-gpm, Partición: 0, Offset: 3292
✅ Enviado -> Topic: mareas-inocar, Partición: 0, Offset: 3290
✅ Enviado -> Topic: nivel-embalse-celec, Partición: 0, Offset: 3290
Ciclo enviado: lluvia, marea=0.91 m y embalse=95.37% para 4 zonas.
✅ Enviado -> Topic: precip-gpm, Partición: 0, Offset: 3293
✅ Enviado -> Topic: mareas-inocar, Partición: 0, Offset: 3291
✅ Enviado -> Topic: nivel-embalse-celec, Partición: 0, Offset: 3291
✅ Enviado -> Topic: alertas-sngr, Partición: 0, Offset: 3094
✅ Enviado -> Topic: precip-gpm, Partición: 0, Offset: 3294
✅ Enviado -> Topic: mareas-inocar, Partición: 0, Offset: 3292
✅ Enviado -> Topic: nivel-embalse-celec, Partición: 0, Offset: 3292
✅ Enviado -> Topic: alertas-sngr, Partición: 0, Offset: 3095
✅ Enviado -> Topic: precip-gpm, Partición: 0, Offset: 3295
✅ Enviado -> Topic: mareas-inocar, Partición: 0, Offset: 3293
✅ Enviado -> Topic: nivel-embalse-celec, Partición: 0, Offset: 3293
✅ Enviado -> Topic: alertas-sngr, Partición: 0, Offset: 3096
✅ Enviado -> Topic: precip-gpm, Partición: 0, Offset: 3296
✅ Enviado -> Topic: mareas-inocar, Partición: 0, Offset: 3294
✅ Enviado -> Topic: nivel-embalse-celec, Partición: 0, Offset: 3294
✅ Enviado -> Topic: alertas-sngr, Partición: 0, Offset: 3097
Ciclo enviado: lluvia, marea=0.91 m y embalse=79.24% para 4 zonas.
✅ Enviado -> Topic: precip-gpm, Partición: 0, Offset: 3297
✅ Enviado -> Topic: mareas-inocar, Partición: 0, Offset: 3295
✅ Enviado -> Topic: nivel-embalse-celec, Partición: 0, Offset: 3295
✅ Enviado -> Topic: alertas-sngr, Partición: 0, Offset: 3098
✅ Enviado -> Topic: precip-gpm, Partición: 0, Offset: 3298
✅ Enviado -> Topic: mareas-inocar, Partición: 0, Offset: 3296
✅ Enviado -> Topic: nivel-embalse-celec, Partición: 0, Offset: 3296
✅ Enviado -> Topic: alertas-sngr, Partición: 0, Offset: 3099
✅ Enviado -> Topic: precip-gpm, Partición: 0, Offset: 3299
✅ Enviado -> Topic: mareas-inocar, Partición: 0, Offset: 3297
✅ Enviado -> Topic: nivel-embalse-celec, Partición: 0, Offset: 3297
✅ Enviado -> Topic: alertas-sngr, Partición: 0, Offset: 3100
✅ Enviado -> Topic: precip-gpm, Partición: 0, Offset: 3300
✅ Enviado -> Topic: mareas-inocar, Partición: 0, Offset: 3298
✅ Enviado -> Topic: nivel-embalse-celec, Partición: 0, Offset: 3298
✅ Enviado -> Topic: alertas-sngr, Partición: 0, Offset: 3101
Ciclo enviado: lluvia, marea=0.91 m y embalse=87.50% para 4 zonas.
✅ Enviado -> Topic: precip-gpm, Partición: 0, Offset: 3301
✅ Enviado -> Topic: mareas-inocar, Partición: 0, Offset: 3299
✅ Enviado -> Topic: nivel-embalse-celec, Partición: 0, Offset: 3299
✅ Enviado -> Topic: alertas-sngr, Partición: 0, Offset: 3102
✅ Enviado -> Topic: precip-gpm, Partición: 0, Offset: 3302
✅ Enviado -> Topic: mareas-inocar, Partición: 0, Offset: 3300
✅ Enviado -> Topic: nivel-embalse-celec, Partición: 0, Offset: 3300
✅ Enviado -> Topic: alertas-sngr, Partición: 0, Offset: 3103
✅ Enviado -> Topic: precip-gpm, Partición: 0, Offset: 3303
✅ Enviado -> Topic: mareas-inocar, Partición: 0, Offset: 3301
✅ Enviado -> Topic: nivel-embalse-celec, Partición: 0, Offset: 3301
✅ Enviado -> Topic: alertas-sngr, Partición: 0, Offset: 3104
✅ Enviado -> Topic: precip-gpm, Partición: 0, Offset: 3304
✅ Enviado -> Topic: mareas-inocar, Partición: 0, Offset: 3302
✅ Enviado -> Topic: nivel-embalse-celec, Partición: 0, Offset: 3302
Ciclo enviado: lluvia, marea=0.91 m y embalse=87.86% para 4 zonas.
✅ Enviado -> Topic: precip-gpm, Partición: 0, Offset: 3305
✅ Enviado -> Topic: mareas-inocar, Partición: 0, Offset: 3303
✅ Enviado -> Topic: nivel-embalse-celec, Partición: 0, Offset: 3303
✅ Enviado -> Topic: alertas-sngr, Partición: 0, Offset: 3105
✅ Enviado -> Topic: precip-gpm, Partición: 0, Offset: 3306
✅ Enviado -> Topic: mareas-inocar, Partición: 0, Offset: 3304
✅ Enviado -> Topic: nivel-embalse-celec, Partición: 0, Offset: 3304
✅ Enviado -> Topic: alertas-sngr, Partición: 0, Offset: 3106
✅ Enviado -> Topic: precip-gpm, Partición: 0, Offset: 3307
✅ Enviado -> Topic: mareas-inocar, Partición: 0, Offset: 3305
✅ Enviado -> Topic: nivel-embalse-celec, Partición: 0, Offset: 3305
✅ Enviado -> Topic: alertas-sngr, Partición: 0, Offset: 3107
✅ Enviado -> Topic: precip-gpm, Partición: 0, Offset: 3308
✅ Enviado -> Topic: mareas-inocar, Partición: 0, Offset: 3306
✅ Enviado -> Topic: nivel-embalse-celec, Partición: 0, Offset: 3306
✅ Enviado -> Topic: alertas-sngr, Partición: 0, Offset: 3108
Ciclo enviado: lluvia, marea=0.91 m y embalse=80.86% para 4 zonas.
✅ Enviado -> Topic: precip-gpm, Partición: 0, Offset: 3309
✅ Enviado -> Topic: mareas-inocar, Partición: 0, Offset: 3307
✅ Enviado -> Topic: nivel-embalse-celec, Partición: 0, Offset: 3307
✅ Enviado -> Topic: alertas-sngr, Partición: 0, Offset: 3109
✅ Enviado -> Topic: precip-gpm, Partición: 0, Offset: 3310
✅ Enviado -> Topic: mareas-inocar, Partición: 0, Offset: 3308
✅ Enviado -> Topic: nivel-embalse-celec, Partición: 0, Offset: 3308
✅ Enviado -> Topic: alertas-sngr, Partición: 0, Offset: 3110
✅ Enviado -> Topic: precip-gpm, Partición: 0, Offset: 3311
✅ Enviado -> Topic: mareas-inocar, Partición: 0, Offset: 3309
✅ Enviado -> Topic: nivel-embalse-celec, Partición: 0, Offset: 3309
✅ Enviado -> Topic: alertas-sngr, Partición: 0, Offset: 3111
✅ Enviado -> Topic: precip-gpm, Partición: 0, Offset: 3312
✅ Enviado -> Topic: mareas-inocar, Partición: 0, Offset: 3310
✅ Enviado -> Topic: nivel-embalse-celec, Partición: 0, Offset: 3310
✅ Enviado -> Topic: alertas-sngr, Partición: 0, Offset: 3112
Ciclo enviado: lluvia, marea=0.91 m y embalse=91.99% para 4 zonas.
✅ Enviado -> Topic: precip-gpm, Partición: 0, Offset: 3313
✅ Enviado -> Topic: mareas-inocar, Partición: 0, Offset: 3311
✅ Enviado -> Topic: nivel-embalse-celec, Partición: 0, Offset: 3311
✅ Enviado -> Topic: alertas-sngr, Partición: 0, Offset: 3113
✅ Enviado -> Topic: precip-gpm, Partición: 0, Offset: 3314
✅ Enviado -> Topic: mareas-inocar, Partición: 0, Offset: 3312
✅ Enviado -> Topic: nivel-embalse-celec, Partición: 0, Offset: 3312
✅ Enviado -> Topic: alertas-sngr, Partición: 0, Offset: 3114
✅ Enviado -> Topic: precip-gpm, Partición: 0, Offset: 3315
✅ Enviado -> Topic: mareas-inocar, Partición: 0, Offset: 3313
✅ Enviado -> Topic: nivel-embalse-celec, Partición: 0, Offset: 3313
✅ Enviado -> Topic: alertas-sngr, Partición: 0, Offset: 3115
✅ Enviado -> Topic: precip-gpm, Partición: 0, Offset: 3316
✅ Enviado -> Topic: mareas-inocar, Partición: 0, Offset: 3314
✅ Enviado -> Topic: nivel-embalse-celec, Partición: 0, Offset: 3314
Ciclo enviado: lluvia, marea=0.91 m y embalse=73.82% para 4 zonas.
✅ Enviado -> Topic: precip-gpm, Partición: 0, Offset: 3317
✅ Enviado -> Topic: mareas-inocar, Partición: 0, Offset: 3315
✅ Enviado -> Topic: nivel-embalse-celec, Partición: 0, Offset: 3315
✅ Enviado -> Topic: alertas-sngr, Partición: 0, Offset: 3116
✅ Enviado -> Topic: precip-gpm, Partición: 0, Offset: 3318
✅ Enviado -> Topic: mareas-inocar, Partición: 0, Offset: 3316
✅ Enviado -> Topic: nivel-embalse-celec, Partición: 0, Offset: 3316
✅ Enviado -> Topic: alertas-sngr, Partición: 0, Offset: 3117
✅ Enviado -> Topic: precip-gpm, Partición: 0, Offset: 3319
✅ Enviado -> Topic: mareas-inocar, Partición: 0, Offset: 3317
✅ Enviado -> Topic: nivel-embalse-celec, Partición: 0, Offset: 3317
✅ Enviado -> Topic: alertas-sngr, Partición: 0, Offset: 3118
✅ Enviado -> Topic: precip-gpm, Partición: 0, Offset: 3320
✅ Enviado -> Topic: mareas-inocar, Partición: 0, Offset: 3318
✅ Enviado -> Topic: nivel-embalse-celec, Partición: 0, Offset: 3318
Ciclo enviado: lluvia, marea=0.91 m y embalse=79.66% para 4 zonas.
✅ Enviado -> Topic: precip-gpm, Partición: 0, Offset: 3321
✅ Enviado -> Topic: mareas-inocar, Partición: 0, Offset: 3319
✅ Enviado -> Topic: nivel-embalse-celec, Partición: 0, Offset: 3319
✅ Enviado -> Topic: alertas-sngr, Partición: 0, Offset: 3119
✅ Enviado -> Topic: precip-gpm, Partición: 0, Offset: 3322
✅ Enviado -> Topic: mareas-inocar, Partición: 0, Offset: 3320
✅ Enviado -> Topic: nivel-embalse-celec, Partición: 0, Offset: 3320
✅ Enviado -> Topic: alertas-sngr, Partición: 0, Offset: 3120
✅ Enviado -> Topic: precip-gpm, Partición: 0, Offset: 3323
✅ Enviado -> Topic: mareas-inocar, Partición: 0, Offset: 3321
✅ Enviado -> Topic: nivel-embalse-celec, Partición: 0, Offset: 3321
✅ Enviado -> Topic: alertas-sngr, Partición: 0, Offset: 3121
✅ Enviado -> Topic: precip-gpm, Partición: 0, Offset: 3324
✅ Enviado -> Topic: mareas-inocar, Partición: 0, Offset: 3322
✅ Enviado -> Topic: nivel-embalse-celec, Partición: 0, Offset: 3322
✅ Enviado -> Topic: alertas-sngr, Partición: 0, Offset: 3122
Ciclo enviado: lluvia, marea=0.91 m y embalse=86.98% para 4 zonas.
✅ Enviado -> Topic: precip-gpm, Partición: 0, Offset: 3325
✅ Enviado -> Topic: mareas-inocar, Partición: 0, Offset: 3323
✅ Enviado -> Topic: nivel-embalse-celec, Partición: 0, Offset: 3323
✅ Enviado -> Topic: alertas-sngr, Partición: 0, Offset: 3123
✅ Enviado -> Topic: precip-gpm, Partición: 0, Offset: 3326
✅ Enviado -> Topic: mareas-inocar, Partición: 0, Offset: 3324
✅ Enviado -> Topic: nivel-embalse-celec, Partición: 0, Offset: 3324
✅ Enviado -> Topic: alertas-sngr, Partición: 0, Offset: 3124
✅ Enviado -> Topic: precip-gpm, Partición: 0, Offset: 3327
✅ Enviado -> Topic: mareas-inocar, Partición: 0, Offset: 3325
✅ Enviado -> Topic: nivel-embalse-celec, Partición: 0, Offset: 3325
✅ Enviado -> Topic: alertas-sngr, Partición: 0, Offset: 3125
✅ Enviado -> Topic: precip-gpm, Partición: 0, Offset: 3328
✅ Enviado -> Topic: mareas-inocar, Partición: 0, Offset: 3326
✅ Enviado -> Topic: nivel-embalse-celec, Partición: 0, Offset: 3326
✅ Enviado -> Topic: alertas-sngr, Partición: 0, Offset: 3126
Ciclo enviado: lluvia, marea=0.91 m y embalse=74.18% para 4 zonas.
✅ Enviado -> Topic: precip-gpm, Partición: 0, Offset: 3329
✅ Enviado -> Topic: mareas-inocar, Partición: 0, Offset: 3327
✅ Enviado -> Topic: nivel-embalse-celec, Partición: 0, Offset: 3327
✅ Enviado -> Topic: alertas-sngr, Partición: 0, Offset: 3127
✅ Enviado -> Topic: precip-gpm, Partición: 0, Offset: 3330
✅ Enviado -> Topic: mareas-inocar, Partición: 0, Offset: 3328
✅ Enviado -> Topic: nivel-embalse-celec, Partición: 0, Offset: 3328
✅ Enviado -> Topic: alertas-sngr, Partición: 0, Offset: 3128
✅ Enviado -> Topic: precip-gpm, Partición: 0, Offset: 3331
✅ Enviado -> Topic: mareas-inocar, Partición: 0, Offset: 3329
✅ Enviado -> Topic: nivel-embalse-celec, Partición: 0, Offset: 3329
✅ Enviado -> Topic: alertas-sngr, Partición: 0, Offset: 3129
✅ Enviado -> Topic: precip-gpm, Partición: 0, Offset: 3332
✅ Enviado -> Topic: mareas-inocar, Partición: 0, Offset: 3330
✅ Enviado -> Topic: nivel-embalse-celec, Partición: 0, Offset: 3330
✅ Enviado -> Topic: alertas-sngr, Partición: 0, Offset: 3130
Ciclo enviado: lluvia, marea=0.91 m y embalse=78.25% para 4 zonas.
✅ Enviado -> Topic: precip-gpm, Partición: 0, Offset: 3333
✅ Enviado -> Topic: mareas-inocar, Partición: 0, Offset: 3331
✅ Enviado -> Topic: nivel-embalse-celec, Partición: 0, Offset: 3331
✅ Enviado -> Topic: alertas-sngr, Partición: 0, Offset: 3131
✅ Enviado -> Topic: precip-gpm, Partición: 0, Offset: 3334
✅ Enviado -> Topic: mareas-inocar, Partición: 0, Offset: 3332
✅ Enviado -> Topic: nivel-embalse-celec, Partición: 0, Offset: 3332
✅ Enviado -> Topic: alertas-sngr, Partición: 0, Offset: 3132
✅ Enviado -> Topic: precip-gpm, Partición: 0, Offset: 3335
✅ Enviado -> Topic: mareas-inocar, Partición: 0, Offset: 3333
✅ Enviado -> Topic: nivel-embalse-celec, Partición: 0, Offset: 3333
✅ Enviado -> Topic: alertas-sngr, Partición: 0, Offset: 3133
✅ Enviado -> Topic: precip-gpm, Partición: 0, Offset: 3336
✅ Enviado -> Topic: mareas-inocar, Partición: 0, Offset: 3334
✅ Enviado -> Topic: nivel-embalse-celec, Partición: 0, Offset: 3334
Ciclo enviado: lluvia, marea=0.91 m y embalse=91.68% para 4 zonas.
✅ Enviado -> Topic: precip-gpm, Partición: 0, Offset: 3337
✅ Enviado -> Topic: mareas-inocar, Partición: 0, Offset: 3335
✅ Enviado -> Topic: nivel-embalse-celec, Partición: 0, Offset: 3335
✅ Enviado -> Topic: alertas-sngr, Partición: 0, Offset: 3134
✅ Enviado -> Topic: precip-gpm, Partición: 0, Offset: 3338
✅ Enviado -> Topic: mareas-inocar, Partición: 0, Offset: 3336
✅ Enviado -> Topic: nivel-embalse-celec, Partición: 0, Offset: 3336
✅ Enviado -> Topic: alertas-sngr, Partición: 0, Offset: 3135
✅ Enviado -> Topic: precip-gpm, Partición: 0, Offset: 3339
✅ Enviado -> Topic: mareas-inocar, Partición: 0, Offset: 3337
✅ Enviado -> Topic: nivel-embalse-celec, Partición: 0, Offset: 3337
✅ Enviado -> Topic: alertas-sngr, Partición: 0, Offset: 3136
✅ Enviado -> Topic: precip-gpm, Partición: 0, Offset: 3340
✅ Enviado -> Topic: mareas-inocar, Partición: 0, Offset: 3338
✅ Enviado -> Topic: nivel-embalse-celec, Partición: 0, Offset: 3338
Ciclo enviado: lluvia, marea=0.91 m y embalse=72.85% para 4 zonas.
✅ Enviado -> Topic: precip-gpm, Partición: 0, Offset: 3341
✅ Enviado -> Topic: mareas-inocar, Partición: 0, Offset: 3339
✅ Enviado -> Topic: nivel-embalse-celec, Partición: 0, Offset: 3339
✅ Enviado -> Topic: alertas-sngr, Partición: 0, Offset: 3137
✅ Enviado -> Topic: precip-gpm, Partición: 0, Offset: 3342
✅ Enviado -> Topic: mareas-inocar, Partición: 0, Offset: 3340
✅ Enviado -> Topic: nivel-embalse-celec, Partición: 0, Offset: 3340
✅ Enviado -> Topic: alertas-sngr, Partición: 0, Offset: 3138
✅ Enviado -> Topic: precip-gpm, Partición: 0, Offset: 3343
✅ Enviado -> Topic: mareas-inocar, Partición: 0, Offset: 3341
✅ Enviado -> Topic: nivel-embalse-celec, Partición: 0, Offset: 3341
✅ Enviado -> Topic: alertas-sngr, Partición: 0, Offset: 3139
✅ Enviado -> Topic: precip-gpm, Partición: 0, Offset: 3344
✅ Enviado -> Topic: mareas-inocar, Partición: 0, Offset: 3342
✅ Enviado -> Topic: nivel-embalse-celec, Partición: 0, Offset: 3342
Ciclo enviado: lluvia, marea=0.91 m y embalse=77.85% para 4 zonas.
✅ Enviado -> Topic: precip-gpm, Partición: 0, Offset: 3345
✅ Enviado -> Topic: mareas-inocar, Partición: 0, Offset: 3343
✅ Enviado -> Topic: nivel-embalse-celec, Partición: 0, Offset: 3343
✅ Enviado -> Topic: alertas-sngr, Partición: 0, Offset: 3140
✅ Enviado -> Topic: precip-gpm, Partición: 0, Offset: 3346
✅ Enviado -> Topic: mareas-inocar, Partición: 0, Offset: 3344
✅ Enviado -> Topic: nivel-embalse-celec, Partición: 0, Offset: 3344
✅ Enviado -> Topic: alertas-sngr, Partición: 0, Offset: 3141
✅ Enviado -> Topic: precip-gpm, Partición: 0, Offset: 3347
✅ Enviado -> Topic: mareas-inocar, Partición: 0, Offset: 3345
✅ Enviado -> Topic: nivel-embalse-celec, Partición: 0, Offset: 3345
✅ Enviado -> Topic: precip-gpm, Partición: 0, Offset: 3348
✅ Enviado -> Topic: mareas-inocar, Partición: 0, Offset: 3346
✅ Enviado -> Topic: nivel-embalse-celec, Partición: 0, Offset: 3346
✅ Enviado -> Topic: alertas-sngr, Partición: 0, Offset: 3142
Ciclo enviado: lluvia, marea=0.91 m y embalse=84.84% para 4 zonas.
✅ Enviado -> Topic: precip-gpm, Partición: 0, Offset: 3349
✅ Enviado -> Topic: mareas-inocar, Partición: 0, Offset: 3347
✅ Enviado -> Topic: nivel-embalse-celec, Partición: 0, Offset: 3347
✅ Enviado -> Topic: alertas-sngr, Partición: 0, Offset: 3143
✅ Enviado -> Topic: precip-gpm, Partición: 0, Offset: 3350
✅ Enviado -> Topic: mareas-inocar, Partición: 0, Offset: 3348
✅ Enviado -> Topic: nivel-embalse-celec, Partición: 0, Offset: 3348
✅ Enviado -> Topic: alertas-sngr, Partición: 0, Offset: 3144
✅ Enviado -> Topic: precip-gpm, Partición: 0, Offset: 3351
✅ Enviado -> Topic: mareas-inocar, Partición: 0, Offset: 3349
✅ Enviado -> Topic: nivel-embalse-celec, Partición: 0, Offset: 3349
✅ Enviado -> Topic: precip-gpm, Partición: 0, Offset: 3352
✅ Enviado -> Topic: mareas-inocar, Partición: 0, Offset: 3350
✅ Enviado -> Topic: nivel-embalse-celec, Partición: 0, Offset: 3350
✅ Enviado -> Topic: alertas-sngr, Partición: 0, Offset: 3145
Ciclo enviado: lluvia, marea=0.91 m y embalse=92.13% para 4 zonas.
✅ Enviado -> Topic: precip-gpm, Partición: 0, Offset: 3353
✅ Enviado -> Topic: mareas-inocar, Partición: 0, Offset: 3351
✅ Enviado -> Topic: nivel-embalse-celec, Partición: 0, Offset: 3351
✅ Enviado -> Topic: alertas-sngr, Partición: 0, Offset: 3146
✅ Enviado -> Topic: precip-gpm, Partición: 0, Offset: 3354
✅ Enviado -> Topic: mareas-inocar, Partición: 0, Offset: 3352
✅ Enviado -> Topic: nivel-embalse-celec, Partición: 0, Offset: 3352
✅ Enviado -> Topic: alertas-sngr, Partición: 0, Offset: 3147
✅ Enviado -> Topic: precip-gpm, Partición: 0, Offset: 3355
✅ Enviado -> Topic: mareas-inocar, Partición: 0, Offset: 3353
✅ Enviado -> Topic: nivel-embalse-celec, Partición: 0, Offset: 3353
✅ Enviado -> Topic: alertas-sngr, Partición: 0, Offset: 3148
✅ Enviado -> Topic: precip-gpm, Partición: 0, Offset: 3356
✅ Enviado -> Topic: mareas-inocar, Partición: 0, Offset: 3354
✅ Enviado -> Topic: nivel-embalse-celec, Partición: 0, Offset: 3354
Ciclo enviado: lluvia, marea=0.91 m y embalse=72.75% para 4 zonas.
✅ Enviado -> Topic: precip-gpm, Partición: 0, Offset: 3357
✅ Enviado -> Topic: mareas-inocar, Partición: 0, Offset: 3355
✅ Enviado -> Topic: nivel-embalse-celec, Partición: 0, Offset: 3355
✅ Enviado -> Topic: alertas-sngr, Partición: 0, Offset: 3149
✅ Enviado -> Topic: precip-gpm, Partición: 0, Offset: 3358
✅ Enviado -> Topic: mareas-inocar, Partición: 0, Offset: 3356
✅ Enviado -> Topic: nivel-embalse-celec, Partición: 0, Offset: 3356
✅ Enviado -> Topic: alertas-sngr, Partición: 0, Offset: 3150
✅ Enviado -> Topic: precip-gpm, Partición: 0, Offset: 3359
✅ Enviado -> Topic: mareas-inocar, Partición: 0, Offset: 3357
✅ Enviado -> Topic: nivel-embalse-celec, Partición: 0, Offset: 3357
✅ Enviado -> Topic: alertas-sngr, Partición: 0, Offset: 3151
✅ Enviado -> Topic: precip-gpm, Partición: 0, Offset: 3360
✅ Enviado -> Topic: mareas-inocar, Partición: 0, Offset: 3358
✅ Enviado -> Topic: nivel-embalse-celec, Partición: 0, Offset: 3358
Ciclo enviado: lluvia, marea=0.91 m y embalse=73.80% para 4 zonas.
✅ Enviado -> Topic: precip-gpm, Partición: 0, Offset: 3361
✅ Enviado -> Topic: mareas-inocar, Partición: 0, Offset: 3359
✅ Enviado -> Topic: nivel-embalse-celec, Partición: 0, Offset: 3359
✅ Enviado -> Topic: alertas-sngr, Partición: 0, Offset: 3152
✅ Enviado -> Topic: precip-gpm, Partición: 0, Offset: 3362
✅ Enviado -> Topic: mareas-inocar, Partición: 0, Offset: 3360
✅ Enviado -> Topic: nivel-embalse-celec, Partición: 0, Offset: 3360
✅ Enviado -> Topic: alertas-sngr, Partición: 0, Offset: 3153
✅ Enviado -> Topic: precip-gpm, Partición: 0, Offset: 3363
✅ Enviado -> Topic: mareas-inocar, Partición: 0, Offset: 3361
✅ Enviado -> Topic: nivel-embalse-celec, Partición: 0, Offset: 3361
✅ Enviado -> Topic: alertas-sngr, Partición: 0, Offset: 3154
✅ Enviado -> Topic: precip-gpm, Partición: 0, Offset: 3364
✅ Enviado -> Topic: mareas-inocar, Partición: 0, Offset: 3362
✅ Enviado -> Topic: nivel-embalse-celec, Partición: 0, Offset: 3362
✅ Enviado -> Topic: alertas-sngr, Partición: 0, Offset: 3155
Ciclo enviado: lluvia, marea=0.91 m y embalse=80.09% para 4 zonas.
✅ Enviado -> Topic: precip-gpm, Partición: 0, Offset: 3365
✅ Enviado -> Topic: mareas-inocar, Partición: 0, Offset: 3363
✅ Enviado -> Topic: nivel-embalse-celec, Partición: 0, Offset: 3363
✅ Enviado -> Topic: alertas-sngr, Partición: 0, Offset: 3156
✅ Enviado -> Topic: precip-gpm, Partición: 0, Offset: 3366
✅ Enviado -> Topic: mareas-inocar, Partición: 0, Offset: 3364
✅ Enviado -> Topic: nivel-embalse-celec, Partición: 0, Offset: 3364
✅ Enviado -> Topic: alertas-sngr, Partición: 0, Offset: 3157
✅ Enviado -> Topic: precip-gpm, Partición: 0, Offset: 3367
✅ Enviado -> Topic: mareas-inocar, Partición: 0, Offset: 3365
✅ Enviado -> Topic: nivel-embalse-celec, Partición: 0, Offset: 3365
✅ Enviado -> Topic: alertas-sngr, Partición: 0, Offset: 3158
✅ Enviado -> Topic: precip-gpm, Partición: 0, Offset: 3368
✅ Enviado -> Topic: mareas-inocar, Partición: 0, Offset: 3366
✅ Enviado -> Topic: nivel-embalse-celec, Partición: 0, Offset: 3366
Ciclo enviado: lluvia, marea=0.91 m y embalse=93.95% para 4 zonas.
